000687 TIMR S1(state:0) broadcastEntries(true). timer(100)
000688 TIMR S1 replicateEntries to S0 at heartbeat
000688 TIMR S1 replicateEntries to S2 at heartbeat
000738 DROP S1 -> S0 is fail.
000738 DROP S1 -> S2 is fail.
001348 DROP S1 -> S2 is fail.
001672 TIMR S4 become candidate. timer(150-300)
001673 VOTE S3(T:0) is asked vote by S4(T:1)
001673 TIMR S3 become follower. timer(150-300)
001674 VOTE S4(T:1) voted by S3? true.
001698 TIMR S3 become candidate. timer(150-300)
001760 VOTE S1(T:0) is asked vote by S4(T:1)
001760 TIMR S1 become follower. timer(150-300)
001761 VOTE S4(T:1) voted by S1? true.
001761 VOTE S4(T:1) get 3 votes, become leader.
001761 TIMR S4(state:0) broadcastEntries(true). timer(100)
001761 TIMR S4 replicateEntries to S0 at heartbeat
001761 TIMR S4 replicateEntries to S1 at heartbeat
001761 TIMR S4 replicateEntries to S2 at heartbeat
001761 TIMR S4 replicateEntries to S3 at heartbeat
001818 VOTE S0(T:0) is asked vote by S4(T:1)
001819 TIMR S0 become follower. timer(150-300)
001820 VOTE S2(T:0) is asked vote by S4(T:1)
001820 TIMR S2 become follower. timer(150-300)
001842 VOTE S4(T:1) voted by S0? true.
001926 TIMR S1. timer(150-300)
001927 LOG1 S4(T:1)(leader) start(10)
001927 TIMR S4(state:0) broadcastEntries(false). timer(100)
001927 TEST S4 [0] signal
001927 TEST S4 [1] signal
001927 TEST S4 [2] signal
001927 TEST S4 [3] signal
001927 TIMR S4 replicateEntries to S3 at replicator
001927 TIMR S0. timer(150-300)
002007 TIMR S2 become candidate. timer(150-300)
002059 VOTE S4(T:1) voted by S2? true.
002060 TIMR S2. timer(150-300)
002066 VOTE S0(T:1) is asked vote by S3(T:2)
002067 VOTE S4(T:1) is asked vote by S3(T:2)
002223 VOTE S1(T:1) is asked vote by S3(T:2)
002224 TIMR S1 become follower. timer(150-300)
002408 VOTE S2(T:1) is asked vote by S3(T:2)
002408 TIMR S2 become follower. timer(150-300)
002411 VOTE S3(T:2) voted by S2? true.
002413 TIMR S0 become follower. timer(150-300)
002415 TIMR S4 replicateEntries to S0 at replicator
002415 LOG2 S0(T:2)(state:2) recv [[{1 10}]] from S4(T:1)
002416 VOTE S3(T:2) voted by S1? true.
002416 VOTE S3(T:2) get 3 votes, become leader.
002416 TIMR S3(state:0) broadcastEntries(true). timer(100)
002416 TIMR S3 replicateEntries to S0 at heartbeat
002416 TIMR S3 replicateEntries to S1 at heartbeat
002416 TIMR S3 replicateEntries to S2 at heartbeat
002416 TIMR S3 replicateEntries to S4 at heartbeat
002416 TIMR S4 replicateEntries to S1 at replicator
002416 TIMR S4 replicateEntries to S2 at replicator
002417 LOG2 S2(T:2)(state:2) recv [[{1 10}]] from S4(T:1)
002417 TIMR S4 become follower. timer(150-300)
002417 TEST S4 [2] wait
002419 TIMR S0. timer(150-300)
002419 TIMR S1. timer(150-300)
002420 VOTE S3(T:2) voted by S4? false.
002422 TIMR S4. timer(150-300)
002564 TEST S4 [0] wait
002574 LOG2 S3(T:2)(state:0) recv [[{1 10}]] from S4(T:1)
002575 TEST S4 [3] wait
002549 LOG2 S1(T:2)(state:2) recv [[{1 10}]] from S4(T:1)
002582 TEST S4 [1] wait
002596 VOTE S3(T:2) voted by S0? true.
002603 TIMR S2. timer(150-300)
002554 TIMR S0 become candidate. timer(150-300)
003433 TIMR S3(state:0) broadcastEntries(true). timer(100)
003433 TIMR S3 replicateEntries to S0 at heartbeat
003433 TIMR S3 replicateEntries to S1 at heartbeat
003433 TIMR S3 replicateEntries to S2 at heartbeat
003433 TIMR S3 replicateEntries to S4 at heartbeat
003434 TIMR S4. timer(150-300)
003435 TIMR S0. timer(150-300)
003436 TIMR S2. timer(150-300)
003443 TIMR S1. timer(150-300)
004457 TIMR S3(state:0) broadcastEntries(true). timer(100)
004529 TIMR S3 replicateEntries to S0 at heartbeat
004529 TIMR S3 replicateEntries to S1 at heartbeat
004529 TIMR S3 replicateEntries to S2 at heartbeat
004529 TIMR S3 replicateEntries to S4 at heartbeat
004559 TIMR S2. timer(150-300)
004711 TIMR S0. timer(150-300)
004717 TIMR S4. timer(150-300)
004718 TIMR S1. timer(150-300)
005529 TIMR S3(state:0) broadcastEntries(true). timer(100)
005589 TIMR S3 replicateEntries to S0 at heartbeat
005589 TIMR S3 replicateEntries to S1 at heartbeat
005589 TIMR S3 replicateEntries to S2 at heartbeat
005589 TIMR S3 replicateEntries to S4 at heartbeat
005590 TIMR S4. timer(150-300)
005590 TIMR S0. timer(150-300)
005592 TIMR S2. timer(150-300)
005593 TIMR S1. timer(150-300)
006774 TIMR S3(state:0) broadcastEntries(true). timer(100)
006924 TIMR S3 replicateEntries to S0 at heartbeat
006924 TIMR S3 replicateEntries to S1 at heartbeat
006924 TIMR S3 replicateEntries to S2 at heartbeat
006976 TIMR S3 replicateEntries to S4 at heartbeat
006992 TIMR S4. timer(150-300)
007010 TIMR S0. timer(150-300)
007022 TIMR S2. timer(150-300)
007211 TIMR S1. timer(150-300)
007975 TIMR S3(state:0) broadcastEntries(true). timer(100)
007975 TIMR S3 replicateEntries to S0 at heartbeat
007975 TIMR S3 replicateEntries to S1 at heartbeat
007975 TIMR S3 replicateEntries to S2 at heartbeat
007975 TIMR S3 replicateEntries to S4 at heartbeat
007976 TIMR S4. timer(150-300)
007977 TIMR S0. timer(150-300)
007977 TIMR S1. timer(150-300)
007978 TIMR S2. timer(150-300)
009020 TIMR S3(state:0) broadcastEntries(true). timer(100)
009021 TIMR S3 replicateEntries to S0 at heartbeat
009022 TIMR S3 replicateEntries to S1 at heartbeat
009022 TIMR S3 replicateEntries to S2 at heartbeat
009022 TIMR S3 replicateEntries to S4 at heartbeat
009024 TIMR S4. timer(150-300)
009025 TIMR S0. timer(150-300)
009027 TIMR S1. timer(150-300)
009028 TIMR S2. timer(150-300)
010159 TIMR S3(state:0) broadcastEntries(true). timer(100)
010189 TIMR S3 replicateEntries to S0 at heartbeat
010189 TIMR S3 replicateEntries to S1 at heartbeat
010189 TIMR S3 replicateEntries to S2 at heartbeat
010189 TIMR S3 replicateEntries to S4 at heartbeat
010191 TIMR S4. timer(150-300)
010191 TIMR S0. timer(150-300)
010192 TIMR S1. timer(150-300)
010192 TIMR S2. timer(150-300)
011199 TIMR S3(state:0) broadcastEntries(true). timer(100)
011199 TIMR S3 replicateEntries to S0 at heartbeat
011200 TIMR S3 replicateEntries to S1 at heartbeat
011200 TIMR S3 replicateEntries to S2 at heartbeat
011200 TIMR S3 replicateEntries to S4 at heartbeat
011246 TIMR S0. timer(150-300)
011248 TIMR S4. timer(150-300)
011277 TIMR S1. timer(150-300)
011385 TIMR S2. timer(150-300)
011700 DROP S1 -> S2 is fail.
011985 DROP S1 -> S2 is fail.
012204 TIMR S3(state:0) broadcastEntries(true). timer(100)
012204 TIMR S3 replicateEntries to S0 at heartbeat
012204 TIMR S3 replicateEntries to S1 at heartbeat
012204 TIMR S3 replicateEntries to S2 at heartbeat
012204 TIMR S3 replicateEntries to S4 at heartbeat
012266 TIMR S2. timer(150-300)
012268 TIMR S4. timer(150-300)
012269 TIMR S1. timer(150-300)
012272 TIMR S0. timer(150-300)
013216 TIMR S3(state:0) broadcastEntries(true). timer(100)
013216 TIMR S3 replicateEntries to S0 at heartbeat
013217 TIMR S3 replicateEntries to S1 at heartbeat
013217 TIMR S3 replicateEntries to S2 at heartbeat
013217 TIMR S3 replicateEntries to S4 at heartbeat
013320 TIMR S4. timer(150-300)
013321 TIMR S0. timer(150-300)
013322 TIMR S1. timer(150-300)
013323 TIMR S2. timer(150-300)
013776 DROP S1 -> S2 is fail.
014327 TIMR S3(state:0) broadcastEntries(true). timer(100)
014328 TIMR S3 replicateEntries to S0 at heartbeat
014328 TIMR S3 replicateEntries to S1 at heartbeat
014328 TIMR S3 replicateEntries to S2 at heartbeat
014328 TIMR S3 replicateEntries to S4 at heartbeat
014329 TIMR S4. timer(150-300)
014363 TIMR S0. timer(150-300)
014364 TIMR S1. timer(150-300)
014392 TIMR S2. timer(150-300)
014557 DROP S1 -> S2 is fail.
015328 TIMR S3(state:0) broadcastEntries(true). timer(100)
015328 TIMR S3 replicateEntries to S0 at heartbeat
015328 TIMR S3 replicateEntries to S1 at heartbeat
015328 TIMR S3 replicateEntries to S2 at heartbeat
015328 TIMR S3 replicateEntries to S4 at heartbeat
015329 TIMR S4. timer(150-300)
015423 TIMR S0. timer(150-300)
015424 TIMR S1. timer(150-300)
015523 TIMR S2. timer(150-300)
016344 TIMR S3(state:0) broadcastEntries(true). timer(100)
016457 TIMR S3 replicateEntries to S0 at heartbeat
016457 TIMR S3 replicateEntries to S1 at heartbeat
016457 TIMR S3 replicateEntries to S2 at heartbeat
016457 TIMR S3 replicateEntries to S4 at heartbeat
016458 TIMR S4. timer(150-300)
016788 TIMR S2. timer(150-300)
016798 TIMR S1. timer(150-300)
016800 TIMR S0. timer(150-300)
017631 TIMR S3(state:0) broadcastEntries(true). timer(100)
017653 TIMR S3 replicateEntries to S0 at heartbeat
017653 TIMR S3 replicateEntries to S1 at heartbeat
017653 TIMR S3 replicateEntries to S2 at heartbeat
017653 TIMR S3 replicateEntries to S4 at heartbeat
018159 TIMR S0. timer(150-300)
018167 TIMR S4. timer(150-300)
018169 TIMR S2. timer(150-300)
018170 TIMR S1. timer(150-300)
018653 TIMR S3(state:0) broadcastEntries(true). timer(100)
018653 TIMR S3 replicateEntries to S0 at heartbeat
018653 TIMR S3 replicateEntries to S1 at heartbeat
018653 TIMR S3 replicateEntries to S2 at heartbeat
018653 TIMR S3 replicateEntries to S4 at heartbeat
018654 TIMR S4. timer(150-300)
018759 TIMR S1. timer(150-300)
018763 TIMR S2. timer(150-300)
018773 TIMR S0. timer(150-300)
019703 TIMR S3(state:0) broadcastEntries(true). timer(100)
019704 TIMR S3 replicateEntries to S0 at heartbeat
019704 TIMR S3 replicateEntries to S1 at heartbeat
019704 TIMR S3 replicateEntries to S2 at heartbeat
019704 TIMR S3 replicateEntries to S4 at heartbeat
019807 TIMR S0. timer(150-300)
019808 TIMR S4. timer(150-300)
019818 TIMR S2. timer(150-300)
019825 TIMR S1. timer(150-300)
020707 TIMR S3(state:0) broadcastEntries(true). timer(100)
021024 TIMR S3 replicateEntries to S0 at heartbeat
021024 TIMR S3 replicateEntries to S1 at heartbeat
021024 TIMR S3 replicateEntries to S2 at heartbeat
021024 TIMR S3 replicateEntries to S4 at heartbeat
021026 TIMR S2. timer(150-300)
021027 TIMR S0. timer(150-300)
021027 TIMR S1. timer(150-300)
021037 TIMR S4. timer(150-300)
022032 TIMR S3(state:0) broadcastEntries(true). timer(100)
022117 TIMR S3 replicateEntries to S0 at heartbeat
022117 TIMR S3 replicateEntries to S1 at heartbeat
022117 TIMR S3 replicateEntries to S2 at heartbeat
022117 TIMR S3 replicateEntries to S4 at heartbeat
022118 TIMR S4. timer(150-300)