Test: one client (3A) ...
  ... Passed --  15.1  5 13005 2488
Test: ops complete fast enough (3A) ...
  ... Passed --   2.8  3  3001    0
Test: many clients (3A) ...
  ... Passed --  15.3  5 11705 3866
Test: unreliable net, many clients (3A) ...
  ... Passed --  16.2  5  6101  995
Test: concurrent append to same key, unreliable (3A) ...
  ... Passed --   1.7  3   206   52
Test: progress in majority (3A) ...
  ... Passed --   0.4  5    49    2
Test: no progress in minority (3A) ...
  ... Passed --   1.0  5   199    3
Test: completion after heal (3A) ...
  ... Passed --   1.1  5    66    3
Test: partitions, one client (3A) ...
  ... Passed --  22.8  5 15249 2504
Test: partitions, many clients (3A) ...
  ... Passed --  23.3  5 11622 4059
Test: restarts, one client (3A) ...
  ... Passed --  19.2  5 15175 2895
Test: restarts, many clients (3A) ...
  ... Passed --  20.0  5 12433 4074
Test: unreliable net, restarts, many clients (3A) ...
  ... Passed --  20.7  5  6837 1120
Test: restarts, partitions, many clients (3A) ...
  ... Passed --  26.8  5 18174 3418
Test: unreliable net, restarts, partitions, many clients (3A) ...
  ... Passed --  28.0  5  6159  779
Test: unreliable net, restarts, partitions, random keys, many clients (3A) ...
  ... Passed --  29.4  7 13823 1621
Test: InstallSnapshot RPC (3B) ...
  ... Passed --   2.8  3   280   63
Test: snapshot size is reasonable (3B) ...
  ... Passed --   0.6  3  2360  800
Test: ops complete fast enough (3B) ...
  ... Passed --   0.8  3  2984    0
Test: restarts, snapshots, one client (3B) ...
  ... Passed --  20.0  5 116263 23108
Test: restarts, snapshots, many clients (3B) ...
  ... Passed --  19.5  5 133145 44758
Test: unreliable net, snapshots, many clients (3B) ...
  ... Passed --  17.7  5  6702 1070
Test: unreliable net, restarts, snapshots, many clients (3B) ...
  ... Passed --  20.3  5  7093 1046
Test: unreliable net, restarts, partitions, snapshots, many clients (3B) ...
  ... Passed --  27.9  5  6762 1008
Test: unreliable net, restarts, partitions, snapshots, random keys, many clients (3B) ...
  ... Passed --  30.5  7 15845 2634
PASS
ok  	6.824/kvraft	384.265s
